#
# There is insufficient memory for the Java Runtime Environment to continue.
# Native memory allocation (mmap) failed to map 134217728 bytes for G1 virtual space
# Possible reasons:
#   The system is out of physical RAM or swap space
#   The process is running with CompressedOops enabled, and the Java Heap may be blocking the growth of the native heap
# Possible solutions:
#   Reduce memory load on the system
#   Increase physical memory or swap space
#   Check if swap backing store is full
#   Decrease Java heap size (-Xmx/-Xms)
#   Decrease number of Java threads
#   Decrease Java thread stack sizes (-Xss)
#   Set larger code cache with -XX:ReservedCodeCacheSize=
#   JVM is running with Unscaled Compressed Oops mode in which the Java heap is
#     placed in the first 4GB address space. The Java Heap base address is the
#     maximum limit for the native heap growth. Please use -XX:HeapBaseMinAddress
#     to set the Java Heap base and to place the Java Heap above 4GB virtual address.
# This output file may be truncated or incomplete.
#
#  Out of Memory Error (os_windows.cpp:3469), pid=12492, tid=9124
#
# JRE version:  (17.0.1+12) (build )
# Java VM: Java HotSpot(TM) 64-Bit Server VM (17.0.1+12-LTS-39, mixed mode, sharing, tiered, compressed oops, compressed class ptrs, g1 gc, windows-amd64)
# No core dump will be written. Minidumps are not enabled by default on client versions of Windows
#

---------------  S U M M A R Y ------------

Command Line: -Dfile.encoding=Cp1252 -XX:+ShowCodeDetailsInExceptionMessages geniodalampada.EuSouUmGenio

Host: Intel(R) Core(TM) i5-8265U CPU @ 1.60GHz, 8 cores, 7G,  Windows 10 , 64 bit Build 19041 (10.0.19041.3636)
Time: Tue Dec 12 22:03:36 2023 Hora oficial do Brasil elapsed time: 0.013027 seconds (0d 0h 0m 0s)

---------------  T H R E A D  ---------------

Current thread (0x00000275d5cfd040):  JavaThread "Unknown thread" [_thread_in_vm, id=9124, stack(0x0000009a99900000,0x0000009a99a00000)]

Stack: [0x0000009a99900000,0x0000009a99a00000]
Native frames: (J=compiled Java code, j=interpreted, Vv=VM code, C=native code)
V  [jvm.dll+0x66fa1a]
V  [jvm.dll+0x7ce5a4]
V  [jvm.dll+0x7cfd4e]
V  [jvm.dll+0x7d03b3]
V  [jvm.dll+0x242b05]
V  [jvm.dll+0x66ca39]
V  [jvm.dll+0x661502]
V  [jvm.dll+0x30081b]
V  [jvm.dll+0x307da6]
V  [jvm.dll+0x357a1e]
V  [jvm.dll+0x357c4f]
V  [jvm.dll+0x2d7ad8]
V  [jvm.dll+0x2d8a44]
V  [jvm.dll+0x7a01e1]
V  [jvm.dll+0x365791]
V  [jvm.dll+0x77f6cc]
V  [jvm.dll+0x3e812f]
V  [jvm.dll+0x3e9bd1]
C  [jli.dll+0x527b]
C  [ucrtbase.dll+0x21bb2]
C  [KERNEL32.DLL+0x17344]
C  [ntdll.dll+0x526b1]


---------------  P R O C E S S  ---------------

Threads class SMR info:
_java_thread_list=0x00007fff72f07818, length=0, elements={
}

Java Threads: ( => current thread )

Other Threads:
  0x00000275d5d3b290 GCTaskThread "GC Thread#0" [stack: 0x0000009a99a00000,0x0000009a99b00000] [id=13148]
  0x00000275d5d4e560 ConcurrentGCThread "G1 Main Marker" [stack: 0x0000009a99b00000,0x0000009a99c00000] [id=15736]
  0x00000275d5d4ee80 ConcurrentGCThread "G1 Conc#0" [stack: 0x0000009a99c00000,0x0000009a99d00000] [id=15296]

[error occurred during error reporting (printing all threads), id 0xc0000005, EXCEPTION_ACCESS_VIOLATION (0xc0000005) at pc=0x00007fff727584b7]

VM state: not at safepoint (not fully initialized)

VM Mutex/Monitor currently owned by a thread:  ([mutex/lock_event])
[0x00000275d5cf7c70] Heap_lock - owner thread: 0x00000275d5cfd040

Heap address: 0x0000000081a00000, size: 2022 MB, Compressed Oops mode: 32-bit

CDS archive(s) mapped at: [0x0000000000000000-0x0000000000000000-0x0000000000000000), size 0, SharedBaseAddress: 0x0000000800000000, ArchiveRelocationMode: 0.
Narrow klass base: 0x0000000000000000, Narrow klass shift: 0, Narrow klass range: 0x0

GC Precious Log:
<Empty>

Heap:
 garbage-first heap   total 0K, used 0K [0x0000000081a00000, 0x0000000100000000)
  region size 1024K, 0 young (0K), 0 survivors (0K)

[error occurred during error reporting (printing heap information), id 0xc0000005, EXCEPTION_ACCESS_VIOLATION (0xc0000005) at pc=0x00007fff72b38d89]

GC Heap History (0 events):
No events

Deoptimization events (0 events):
No events

Classes unloaded (0 events):
No events

Classes redefined (0 events):
No events

Internal exceptions (0 events):
No events

VM Operations (0 events):
No events

Events (1 events):
Event: 0.008 Loaded shared library C:\Program Files\Java\jdk-17.0.1\bin\java.dll


Dynamic libraries:
0x00007ff7d7fb0000 - 0x00007ff7d7fc0000 	C:\Program Files\Java\jdk-17.0.1\bin\javaw.exe
0x00007fffe56b0000 - 0x00007fffe58a8000 	C:\Windows\SYSTEM32\ntdll.dll
0x00007fffe5130000 - 0x00007fffe51ed000 	C:\Windows\System32\KERNEL32.DLL
0x00007fffe3210000 - 0x00007fffe3506000 	C:\Windows\System32\KERNELBASE.dll
0x00007fffe3110000 - 0x00007fffe3210000 	C:\Windows\System32\ucrtbase.dll
0x00007fffdf9e0000 - 0x00007fffdf9f8000 	C:\Program Files\Java\jdk-17.0.1\bin\jli.dll
0x00007fffdd5d0000 - 0x00007fffdd5ea000 	C:\Program Files\Java\jdk-17.0.1\bin\VCRUNTIME140.dll
0x00007fffe47d0000 - 0x00007fffe487f000 	C:\Windows\System32\ADVAPI32.dll
0x00007fffe3970000 - 0x00007fffe3a0e000 	C:\Windows\System32\msvcrt.dll
0x00007fffe3710000 - 0x00007fffe37ac000 	C:\Windows\System32\sechost.dll
0x00007fffe4e60000 - 0x00007fffe4f86000 	C:\Windows\System32\RPCRT4.dll
0x00007fffe52c0000 - 0x00007fffe545e000 	C:\Windows\System32\USER32.dll
0x00007fffe35c0000 - 0x00007fffe35e2000 	C:\Windows\System32\win32u.dll
0x00007fffc8250000 - 0x00007fffc84ea000 	C:\Windows\WinSxS\amd64_microsoft.windows.common-controls_6595b64144ccf1df_6.0.19041.3636_none_60b6a03d71f818d5\COMCTL32.dll
0x00007fffe4ff0000 - 0x00007fffe501c000 	C:\Windows\System32\GDI32.dll
0x00007fffe2ef0000 - 0x00007fffe300a000 	C:\Windows\System32\gdi32full.dll
0x00007fffe3620000 - 0x00007fffe36bd000 	C:\Windows\System32\msvcp_win.dll
0x00007fffdc9d0000 - 0x00007fffdc9da000 	C:\Windows\SYSTEM32\VERSION.dll
0x00007fffe4880000 - 0x00007fffe48b0000 	C:\Windows\System32\IMM32.DLL
0x00007fffdd5c0000 - 0x00007fffdd5cc000 	C:\Program Files\Java\jdk-17.0.1\bin\vcruntime140_1.dll
0x00007fffd02a0000 - 0x00007fffd032d000 	C:\Program Files\Java\jdk-17.0.1\bin\msvcp140.dll
0x00007fff72470000 - 0x00007fff7302e000 	C:\Program Files\Java\jdk-17.0.1\bin\server\jvm.dll
0x00007fffe48b0000 - 0x00007fffe48b8000 	C:\Windows\System32\PSAPI.DLL
0x00007fffcf100000 - 0x00007fffcf127000 	C:\Windows\SYSTEM32\WINMM.dll
0x00007fffab2c0000 - 0x00007fffab2c9000 	C:\Windows\SYSTEM32\WSOCK32.dll
0x00007fffe5460000 - 0x00007fffe54cb000 	C:\Windows\System32\WS2_32.dll
0x00007fffe15e0000 - 0x00007fffe15f2000 	C:\Windows\SYSTEM32\kernel.appcore.dll
0x00007fffdd260000 - 0x00007fffdd26a000 	C:\Program Files\Java\jdk-17.0.1\bin\jimage.dll
0x00007fffe0b50000 - 0x00007fffe0d34000 	C:\Windows\SYSTEM32\DBGHELP.DLL
0x00007fffcb4a0000 - 0x00007fffcb4d4000 	C:\Windows\SYSTEM32\dbgcore.DLL
0x00007fffe3080000 - 0x00007fffe3102000 	C:\Windows\System32\bcryptPrimitives.dll
0x00007fffdd230000 - 0x00007fffdd255000 	C:\Program Files\Java\jdk-17.0.1\bin\java.dll

dbghelp: loaded successfully - version: 4.0.5 - missing functions: none
symbol engine: initialized successfully - sym options: 0x614 - pdb path: .;C:\Program Files\Java\jdk-17.0.1\bin;C:\Windows\SYSTEM32;C:\Windows\WinSxS\amd64_microsoft.windows.common-controls_6595b64144ccf1df_6.0.19041.3636_none_60b6a03d71f818d5;C:\Program Files\Java\jdk-17.0.1\bin\server

VM Arguments:
jvm_args: -Dfile.encoding=Cp1252 -XX:+ShowCodeDetailsInExceptionMessages 
java_command: geniodalampada.EuSouUmGenio
java_class_path (initial): C:\Users\mari_\eclipse-workspace\GenioDaLampada\bin
Launcher Type: SUN_STANDARD

[Global flags]
     intx CICompilerCount                          = 4                                         {product} {ergonomic}
     uint ConcGCThreads                            = 2                                         {product} {ergonomic}
     uint G1ConcRefinementThreads                  = 8                                         {product} {ergonomic}
   size_t G1HeapRegionSize                         = 1048576                                   {product} {ergonomic}
    uintx GCDrainStackTargetSize                   = 64                                        {product} {ergonomic}
   size_t InitialHeapSize                          = 134217728                                 {product} {ergonomic}
   size_t MarkStackSize                            = 4194304                                   {product} {ergonomic}
   size_t MaxHeapSize                              = 2120220672                                {product} {ergonomic}
   size_t MinHeapDeltaBytes                        = 1048576                                   {product} {ergonomic}
   size_t MinHeapSize                              = 8388608                                   {product} {ergonomic}
    uintx NonNMethodCodeHeapSize                   = 5839372                                {pd product} {ergonomic}
    uintx NonProfiledCodeHeapSize                  = 122909434                              {pd product} {ergonomic}
    uintx ProfiledCodeHeapSize                     = 122909434                              {pd product} {ergonomic}
    uintx ReservedCodeCacheSize                    = 251658240                              {pd product} {ergonomic}
     bool SegmentedCodeCache                       = true                                      {product} {ergonomic}
     bool ShowCodeDetailsInExceptionMessages       = true                                   {manageable} {command line}
   size_t SoftMaxHeapSize                          = 2120220672                             {manageable} {ergonomic}
     bool UseCompressedClassPointers               = true                           {product lp64_product} {ergonomic}
     bool UseCompressedOops                        = true                           {product lp64_product} {ergonomic}
     bool UseG1GC                                  = true                                      {product} {ergonomic}
     bool UseLargePagesIndividualAllocation        = false                                  {pd product} {ergonomic}

Logging:
Log output configuration:
 #0: stdout all=warning uptime,level,tags
 #1: stderr all=off uptime,level,tags

Environment Variables:
PATH=C:/Program Files (x86)/eclipse//plugins/org.eclipse.justj.openjdk.hotspot.jre.full.win32.x86_64_17.0.1.v20211116-1657/jre/bin/server;C:/Program Files (x86)/eclipse//plugins/org.eclipse.justj.openjdk.hotspot.jre.full.win32.x86_64_17.0.1.v20211116-1657/jre/bin;C:\Program Files (x86)\Common Files\Oracle\Java\javapath;C:\Windows\system32;C:\Windows;C:\Windows\System32\Wbem;C:\Windows\System32\WindowsPowerShell\v1.0\;C:\Windows\System32\OpenSSH\;C:\ProgramData\UNIVALI\Portugol Studio;C:\Program Files\mingw-w64\x86_64-8.1.0-posix-seh-rt_v6-rev0\mingw64\bin;C:\Program Files\dotnet\;C:\Program Files (x86)\dotnet\;C:\Program Files\Git\cmd;C:\Program Files (x86)\NVIDIA Corporation\PhysX\Common;C:\Program Files\NVIDIA Corporation\NVIDIA NvDLISR;C:\Users\mari_\AppData\Local\Microsoft\WindowsApps;C:\Users\mari_\AppData\Local\GitHubDesktop\bin;C:\Users\mari_\AppData\Local\Programs\Microsoft VS Code\bin;C:\ProgramData\mari_\GitHubDesktop\bin;C:\Program Files (x86)\eclipse;
USERNAME=mari_
OS=Windows_NT
PROCESSOR_IDENTIFIER=Intel64 Family 6 Model 142 Stepping 12, GenuineIntel



---------------  S Y S T E M  ---------------

OS:
 Windows 10 , 64 bit Build 19041 (10.0.19041.3636)
OS uptime: 1 days 23:05 hours

CPU: total 8 (initial active 8) (4 cores per cpu, 2 threads per core) family 6 model 142 stepping 12 microcode 0xb8, cx8, cmov, fxsr, ht, mmx, 3dnowpref, sse, sse2, sse3, ssse3, sse4.1, sse4.2, popcnt, lzcnt, tsc, tscinvbit, avx, avx2, aes, erms, clmul, bmi1, bmi2, adx, fma, vzeroupper, clflush, clflushopt

Memory: 4k page, system-wide physical 8083M (2052M free)
TotalPageFile size 12838M (AvailPageFile size 89M)
current process WorkingSet (physical memory assigned to process): 10M, peak: 10M
current process commit charge ("private bytes"): 60M, peak: 188M

vm_info: Java HotSpot(TM) 64-Bit Server VM (17.0.1+12-LTS-39) for windows-amd64 JRE (17.0.1+12-LTS-39), built on Sep 27 2021 18:41:35 by "mach5one" with MS VC++ 16.8 (VS2019)

END.
